0 info it worked if it ends with ok
1 verbose cli [ '/usr/bin/nodejs', '/usr/bin/npm', 'install', 'dynatable' ]
2 info using npm@2.15.1
3 info using node@v4.4.3
4 verbose install initial load of /media/arpitgogia/OS/Users/Arpit/Documents/eNotify/package.json
5 verbose installManyTop reading scoped package data from /media/arpitgogia/OS/Users/Arpit/Documents/eNotify/node_modules/accepts/package.json
6 verbose installManyTop reading scoped package data from /media/arpitgogia/OS/Users/Arpit/Documents/eNotify/node_modules/basic-auth/package.json
7 verbose installManyTop reading scoped package data from /media/arpitgogia/OS/Users/Arpit/Documents/eNotify/node_modules/bcrypt/package.json
8 verbose installManyTop reading scoped package data from /media/arpitgogia/OS/Users/Arpit/Documents/eNotify/node_modules/bcrypt-nodejs/package.json
9 verbose installManyTop reading scoped package data from /media/arpitgogia/OS/Users/Arpit/Documents/eNotify/node_modules/bcryptjs/package.json
10 verbose installManyTop reading scoped package data from /media/arpitgogia/OS/Users/Arpit/Documents/eNotify/node_modules/bindings/package.json
11 verbose installManyTop reading scoped package data from /media/arpitgogia/OS/Users/Arpit/Documents/eNotify/node_modules/body-parser/package.json
12 verbose installManyTop reading scoped package data from /media/arpitgogia/OS/Users/Arpit/Documents/eNotify/node_modules/bootstrap/package.json
13 verbose installManyTop reading scoped package data from /media/arpitgogia/OS/Users/Arpit/Documents/eNotify/node_modules/bootstrap-material-design/package.json
14 verbose installManyTop reading scoped package data from /media/arpitgogia/OS/Users/Arpit/Documents/eNotify/node_modules/bson/package.json
15 verbose installManyTop reading scoped package data from /media/arpitgogia/OS/Users/Arpit/Documents/eNotify/node_modules/buffer-crc32/package.json
16 verbose installManyTop reading scoped package data from /media/arpitgogia/OS/Users/Arpit/Documents/eNotify/node_modules/bytes/package.json
17 verbose installManyTop reading scoped package data from /media/arpitgogia/OS/Users/Arpit/Documents/eNotify/node_modules/connect-flash/package.json
18 verbose installManyTop reading scoped package data from /media/arpitgogia/OS/Users/Arpit/Documents/eNotify/node_modules/content-type/package.json
19 verbose installManyTop reading scoped package data from /media/arpitgogia/OS/Users/Arpit/Documents/eNotify/node_modules/cookie/package.json
20 verbose installManyTop reading scoped package data from /media/arpitgogia/OS/Users/Arpit/Documents/eNotify/node_modules/cookie-parser/package.json
21 verbose installManyTop reading scoped package data from /media/arpitgogia/OS/Users/Arpit/Documents/eNotify/node_modules/cookie-signature/package.json
22 verbose installManyTop reading scoped package data from /media/arpitgogia/OS/Users/Arpit/Documents/eNotify/node_modules/core-util-is/package.json
23 verbose installManyTop reading scoped package data from /media/arpitgogia/OS/Users/Arpit/Documents/eNotify/node_modules/debug/package.json
24 verbose installManyTop reading scoped package data from /media/arpitgogia/OS/Users/Arpit/Documents/eNotify/node_modules/depd/package.json
25 verbose installManyTop reading scoped package data from /media/arpitgogia/OS/Users/Arpit/Documents/eNotify/node_modules/ee-first/package.json
26 verbose installManyTop reading scoped package data from /media/arpitgogia/OS/Users/Arpit/Documents/eNotify/node_modules/ejs/package.json
27 verbose installManyTop reading scoped package data from /media/arpitgogia/OS/Users/Arpit/Documents/eNotify/node_modules/es6-promise/package.json
28 verbose installManyTop reading scoped package data from /media/arpitgogia/OS/Users/Arpit/Documents/eNotify/node_modules/escape-html/package.json
29 verbose installManyTop reading scoped package data from /media/arpitgogia/OS/Users/Arpit/Documents/eNotify/node_modules/express/package.json
30 verbose installManyTop reading scoped package data from /media/arpitgogia/OS/Users/Arpit/Documents/eNotify/node_modules/express-session/package.json
31 verbose installManyTop reading scoped package data from /media/arpitgogia/OS/Users/Arpit/Documents/eNotify/node_modules/fresh/package.json
32 verbose installManyTop reading scoped package data from /media/arpitgogia/OS/Users/Arpit/Documents/eNotify/node_modules/http-errors/package.json
33 verbose installManyTop reading scoped package data from /media/arpitgogia/OS/Users/Arpit/Documents/eNotify/node_modules/iconv-lite/package.json
34 verbose installManyTop reading scoped package data from /media/arpitgogia/OS/Users/Arpit/Documents/eNotify/node_modules/inherits/package.json
35 verbose installManyTop reading scoped package data from /media/arpitgogia/OS/Users/Arpit/Documents/eNotify/node_modules/isarray/package.json
36 verbose installManyTop reading scoped package data from /media/arpitgogia/OS/Users/Arpit/Documents/eNotify/node_modules/jade/package.json
37 verbose installManyTop reading scoped package data from /media/arpitgogia/OS/Users/Arpit/Documents/eNotify/node_modules/jquery/package.json
38 verbose installManyTop reading scoped package data from /media/arpitgogia/OS/Users/Arpit/Documents/eNotify/node_modules/list.js/package.json
39 verbose installManyTop reading scoped package data from /media/arpitgogia/OS/Users/Arpit/Documents/eNotify/node_modules/media-typer/package.json
40 verbose installManyTop reading scoped package data from /media/arpitgogia/OS/Users/Arpit/Documents/eNotify/node_modules/merge-descriptors/package.json
41 verbose installManyTop reading scoped package data from /media/arpitgogia/OS/Users/Arpit/Documents/eNotify/node_modules/methods/package.json
42 verbose installManyTop reading scoped package data from /media/arpitgogia/OS/Users/Arpit/Documents/eNotify/node_modules/mime/package.json
43 verbose installManyTop reading scoped package data from /media/arpitgogia/OS/Users/Arpit/Documents/eNotify/node_modules/mime-db/package.json
44 verbose installManyTop reading scoped package data from /media/arpitgogia/OS/Users/Arpit/Documents/eNotify/node_modules/mime-types/package.json
45 verbose installManyTop reading scoped package data from /media/arpitgogia/OS/Users/Arpit/Documents/eNotify/node_modules/mongodb/package.json
46 verbose installManyTop reading scoped package data from /media/arpitgogia/OS/Users/Arpit/Documents/eNotify/node_modules/mongodb-core/package.json
47 verbose installManyTop reading scoped package data from /media/arpitgogia/OS/Users/Arpit/Documents/eNotify/node_modules/mongoose/package.json
48 verbose installManyTop reading scoped package data from /media/arpitgogia/OS/Users/Arpit/Documents/eNotify/node_modules/morgan/package.json
49 verbose installManyTop reading scoped package data from /media/arpitgogia/OS/Users/Arpit/Documents/eNotify/node_modules/ms/package.json
50 verbose installManyTop reading scoped package data from /media/arpitgogia/OS/Users/Arpit/Documents/eNotify/node_modules/nan/package.json
51 verbose installManyTop reading scoped package data from /media/arpitgogia/OS/Users/Arpit/Documents/eNotify/node_modules/negotiator/package.json
52 verbose installManyTop reading scoped package data from /media/arpitgogia/OS/Users/Arpit/Documents/eNotify/node_modules/on-finished/package.json
53 verbose installManyTop reading scoped package data from /media/arpitgogia/OS/Users/Arpit/Documents/eNotify/node_modules/on-headers/package.json
54 verbose installManyTop reading scoped package data from /media/arpitgogia/OS/Users/Arpit/Documents/eNotify/node_modules/parseurl/package.json
55 verbose installManyTop reading scoped package data from /media/arpitgogia/OS/Users/Arpit/Documents/eNotify/node_modules/passport/package.json
56 verbose installManyTop reading scoped package data from /media/arpitgogia/OS/Users/Arpit/Documents/eNotify/node_modules/passport-local/package.json
57 verbose installManyTop reading scoped package data from /media/arpitgogia/OS/Users/Arpit/Documents/eNotify/node_modules/path-to-regexp/package.json
58 verbose installManyTop reading scoped package data from /media/arpitgogia/OS/Users/Arpit/Documents/eNotify/node_modules/qs/package.json
59 verbose installManyTop reading scoped package data from /media/arpitgogia/OS/Users/Arpit/Documents/eNotify/node_modules/range-parser/package.json
60 verbose installManyTop reading scoped package data from /media/arpitgogia/OS/Users/Arpit/Documents/eNotify/node_modules/raw-body/package.json
61 verbose installManyTop reading scoped package data from /media/arpitgogia/OS/Users/Arpit/Documents/eNotify/node_modules/readable-stream/package.json
62 verbose installManyTop reading scoped package data from /media/arpitgogia/OS/Users/Arpit/Documents/eNotify/node_modules/require_optional/package.json
63 verbose installManyTop reading scoped package data from /media/arpitgogia/OS/Users/Arpit/Documents/eNotify/node_modules/resolve-from/package.json
64 verbose installManyTop reading scoped package data from /media/arpitgogia/OS/Users/Arpit/Documents/eNotify/node_modules/semver/package.json
65 verbose installManyTop reading scoped package data from /media/arpitgogia/OS/Users/Arpit/Documents/eNotify/node_modules/send/package.json
66 verbose installManyTop reading scoped package data from /media/arpitgogia/OS/Users/Arpit/Documents/eNotify/node_modules/serve-static/package.json
67 verbose installManyTop reading scoped package data from /media/arpitgogia/OS/Users/Arpit/Documents/eNotify/node_modules/static-favicon/package.json
68 verbose installManyTop reading scoped package data from /media/arpitgogia/OS/Users/Arpit/Documents/eNotify/node_modules/statuses/package.json
69 verbose installManyTop reading scoped package data from /media/arpitgogia/OS/Users/Arpit/Documents/eNotify/node_modules/string_decoder/package.json
70 verbose installManyTop reading scoped package data from /media/arpitgogia/OS/Users/Arpit/Documents/eNotify/node_modules/tether/package.json
71 verbose installManyTop reading scoped package data from /media/arpitgogia/OS/Users/Arpit/Documents/eNotify/node_modules/type-is/package.json
72 verbose installManyTop reading scoped package data from /media/arpitgogia/OS/Users/Arpit/Documents/eNotify/node_modules/unpipe/package.json
73 verbose installManyTop reading scoped package data from /media/arpitgogia/OS/Users/Arpit/Documents/eNotify/node_modules/utils-merge/package.json
74 info package.json bcrypt-nodejs@0.0.3 No license field.
75 info package.json buffer-crc32@0.2.1 No license field.
76 info package.json connect-flash@0.1.1 No license field.
77 info package.json cookie@0.1.2 No license field.
78 info package.json cookie-signature@1.0.3 No license field.
79 info package.json debug@0.8.1 No license field.
80 info package.json escape-html@1.0.1 No license field.
81 info package.json fresh@0.2.2 No license field.
82 info package.json mime@1.2.11 No license field.
83 info package.json ms@0.7.1 No license field.
84 info package.json path-to-regexp@0.1.2 No license field.
85 info package.json qs@0.6.6 No license field.
86 info package.json range-parser@1.0.0 No license field.
87 info package.json send@0.3.0 No license field.
88 info package.json static-favicon@2.0.0-alpha No license field.
89 info package.json string_decoder@0.10.31 string_decoder is also the name of a node core module.
90 info package.json utils-merge@1.0.0 No license field.
91 info package.json list.js@1.2.0 No license field.
92 info package.json passport-local@1.0.0 No license field.
93 verbose readDependencies loading dependencies from /media/arpitgogia/OS/Users/Arpit/Documents/eNotify/package.json
94 silly cache add args [ 'dynatable', null ]
95 verbose cache add spec dynatable
96 silly cache add parsed spec Result {
96 silly cache add   raw: 'dynatable',
96 silly cache add   scope: null,
96 silly cache add   name: 'dynatable',
96 silly cache add   rawSpec: '',
96 silly cache add   spec: 'latest',
96 silly cache add   type: 'tag' }
97 silly addNamed dynatable@latest
98 verbose addNamed "latest" is being treated as a dist-tag for dynatable
99 info addNameTag [ 'dynatable', 'latest' ]
100 silly mapToRegistry name dynatable
101 silly mapToRegistry using default registry
102 silly mapToRegistry registry https://registry.npmjs.org/
103 silly mapToRegistry data Result {
103 silly mapToRegistry   raw: 'dynatable',
103 silly mapToRegistry   scope: null,
103 silly mapToRegistry   name: 'dynatable',
103 silly mapToRegistry   rawSpec: '',
103 silly mapToRegistry   spec: 'latest',
103 silly mapToRegistry   type: 'tag' }
104 silly mapToRegistry uri https://registry.npmjs.org/dynatable
105 verbose addNameTag registry:https://registry.npmjs.org/dynatable not in flight; fetching
106 verbose request uri https://registry.npmjs.org/dynatable
107 verbose request no auth needed
108 info attempt registry request try #1 at 12:04:31 AM
109 verbose request id e46dd473baa4c5a0
110 http request GET https://registry.npmjs.org/dynatable
111 http 404 https://registry.npmjs.org/dynatable
112 verbose headers { 'content-type': 'application/json',
112 verbose headers   'cache-control': 'max-age=0',
112 verbose headers   'content-length': '2',
112 verbose headers   'accept-ranges': 'bytes',
112 verbose headers   date: 'Thu, 28 Apr 2016 18:34:31 GMT',
112 verbose headers   via: '1.1 varnish',
112 verbose headers   age: '0',
112 verbose headers   connection: 'keep-alive',
112 verbose headers   'x-served-by': 'cache-sin6922-SIN',
112 verbose headers   'x-cache': 'MISS',
112 verbose headers   'x-cache-hits': '0',
112 verbose headers   'x-timer': 'S1461868471.677329,VS0,VE254',
112 verbose headers   vary: 'Accept-Encoding' }
113 silly get cb [ 404,
113 silly get   { 'content-type': 'application/json',
113 silly get     'cache-control': 'max-age=0',
113 silly get     'content-length': '2',
113 silly get     'accept-ranges': 'bytes',
113 silly get     date: 'Thu, 28 Apr 2016 18:34:31 GMT',
113 silly get     via: '1.1 varnish',
113 silly get     age: '0',
113 silly get     connection: 'keep-alive',
113 silly get     'x-served-by': 'cache-sin6922-SIN',
113 silly get     'x-cache': 'MISS',
113 silly get     'x-cache-hits': '0',
113 silly get     'x-timer': 'S1461868471.677329,VS0,VE254',
113 silly get     vary: 'Accept-Encoding' } ]
114 verbose stack Error: Registry returned 404 for GET on https://registry.npmjs.org/dynatable
114 verbose stack     at makeError (/usr/lib/node_modules/npm/node_modules/npm-registry-client/lib/request.js:264:12)
114 verbose stack     at CachingRegistryClient.<anonymous> (/usr/lib/node_modules/npm/node_modules/npm-registry-client/lib/request.js:242:14)
114 verbose stack     at Request._callback (/usr/lib/node_modules/npm/node_modules/npm-registry-client/lib/request.js:172:14)
114 verbose stack     at Request.self.callback (/usr/lib/node_modules/npm/node_modules/request/request.js:199:22)
114 verbose stack     at emitTwo (events.js:87:13)
114 verbose stack     at Request.emit (events.js:172:7)
114 verbose stack     at Request.<anonymous> (/usr/lib/node_modules/npm/node_modules/request/request.js:1036:10)
114 verbose stack     at emitOne (events.js:82:20)
114 verbose stack     at Request.emit (events.js:169:7)
114 verbose stack     at IncomingMessage.<anonymous> (/usr/lib/node_modules/npm/node_modules/request/request.js:963:12)
115 verbose statusCode 404
116 verbose pkgid dynatable
117 verbose cwd /media/arpitgogia/OS/Users/Arpit/Documents/eNotify
118 error Linux 4.2.0-35-generic
119 error argv "/usr/bin/nodejs" "/usr/bin/npm" "install" "dynatable"
120 error node v4.4.3
121 error npm  v2.15.1
122 error code E404
123 error 404 Registry returned 404 for GET on https://registry.npmjs.org/dynatable
123 error 404
123 error 404 'dynatable' is not in the npm registry.
123 error 404 You should bug the author to publish it (or use the name yourself!)
123 error 404 It was specified as a dependency of 'application-name'
123 error 404
123 error 404 Note that you can also install from a
123 error 404 tarball, folder, http url, or git url.
124 verbose exit [ 1, true ]
